JvmtiExport can_access_local_variables 0
JvmtiExport can_hotswap_or_post_breakpoint 0
JvmtiExport can_post_on_exceptions 0
# 198 ciObject found
instanceKlass java/util/ArrayDeque$1
instanceKlass org/json/JSONObject
instanceKlass org/objectweb/asm/signature/SignatureVisitor
instanceKlass org/gradle/tooling/internal/provider/serialization/SerializedPayload
instanceKlass org/gradle/tooling/internal/provider/serialization/WellKnownClassLoaderRegistry$1
instanceKlass org/gradle/tooling/internal/provider/serialization/DefaultPayloadClassLoaderRegistry$1
instanceKlass org/gradle/tooling/internal/provider/BuildActionResult
instanceKlass org/gradle/tooling/internal/provider/serialization/DefaultPayloadClassLoaderRegistry$DetailsToClassLoaderTransformer
instanceKlass org/gradle/tooling/internal/provider/serialization/DefaultPayloadClassLoaderRegistry$ClassLoaderToDetailsTransformer
instanceKlass org/gradle/tooling/internal/provider/serialization/DefaultPayloadClassLoaderRegistry
instanceKlass org/gradle/tooling/internal/provider/serialization/ClassLoaderDetails
instanceKlass org/gradle/tooling/internal/provider/serialization/DeserializeMap
instanceKlass org/gradle/tooling/internal/provider/serialization/SerializeMap
instanceKlass org/gradle/tooling/internal/provider/serialization/WellKnownClassLoaderRegistry
instanceKlass org/gradle/tooling/internal/provider/serialization/ModelClassLoaderFactory
instanceKlass org/gradle/tooling/internal/provider/serialization/DaemonSidePayloadClassLoaderFactory
instanceKlass com/google/wireless/android/sdk/stats/InstantRunArtifact$Type$1
instanceKlass com/google/wireless/android/sdk/stats/InstantRunStatus$VerifierStatus$1
instanceKlass com/google/wireless/android/sdk/stats/InstantRunStatus$PatchingPolicy$1
instanceKlass com/google/wireless/android/sdk/stats/InstantRunStatus$BuildMode$1
instanceKlass com/android/build/gradle/internal/incremental/InstantRunAnalyticsHelper$1
instanceKlass com/google/wireless/android/sdk/stats/InstantRunArtifactOrBuilder
instanceKlass com/android/build/gradle/internal/incremental/InstantRunAnalyticsHelper
instanceKlass com/android/build/gradle/tasks/PackageAndroidArtifact$KnownFilesSaveData$$Lambda$385
instanceKlass com/google/common/base/Throwables
instanceKlass org/apache/commons/codec/binary/Base64
instanceKlass org/apache/commons/codec/BinaryDecoder
instanceKlass org/apache/commons/codec/Decoder
instanceKlass org/apache/commons/codec/BinaryEncoder
instanceKlass org/apache/commons/codec/Encoder
instanceKlass com/android/build/gradle/tasks/PackageAndroidArtifact$$Lambda$384
instanceKlass java/util/stream/DistinctOps
instanceKlass com/android/build/gradle/tasks/PackageAndroidArtifact$$Lambda$383
instanceKlass com/android/build/gradle/tasks/PackageAndroidArtifact$$Lambda$382
instanceKlass com/android/apkzlib/zip/ExtraField$AlignmentSegment
instanceKlass com/android/apkzlib/zip/ZFile$$Lambda$381
instanceKlass java/lang/invoke/LambdaForm$DMH
instanceKlass com/android/apkzlib/zip/ZFile$$Lambda$380
instanceKlass com/android/apkzlib/zip/ZFile$$Lambda$379
instanceKlass com/android/apkzlib/zip/ZFile$$Lambda$378
instanceKlass com/android/apkzlib/zip/ExtraField$Segment
instanceKlass com/android/apkzlib/zip/ZFile$$Lambda$377
instanceKlass com/android/builder/internal/packaging/IncrementalPackager$$Lambda$376
instanceKlass com/android/builder/internal/packaging/IncrementalPackager$$Lambda$375
instanceKlass com/android/builder/internal/packaging/IncrementalPackager$$Lambda$374
instanceKlass com/android/builder/internal/packaging/IncrementalPackager$$Lambda$373
instanceKlass com/android/builder/internal/packaging/IncrementalPackager$$Lambda$372
instanceKlass com/android/builder/internal/packaging/IncrementalPackager$$Lambda$371
instanceKlass com/android/builder/packaging/PackagingUtils$$Lambda$370
instanceKlass com/android/build/gradle/tasks/PackageAndroidArtifact$$Lambda$369
instanceKlass com/android/build/gradle/tasks/PackageAndroidArtifact$1
instanceKlass com/google/common/base/Functions$ConstantFunction
instanceKlass com/google/common/base/Functions
instanceKlass com/android/builder/files/IncrementalRelativeFileSets$$Lambda$368
instanceKlass com/android/apkzlib/zip/ZFile$$Lambda$367
instanceKlass com/android/apkzlib/sign/v2/ApkSignerV2$V2SignatureSchemeBlock$Signer
instanceKlass com/android/apkzlib/sign/v2/ApkSignerV2$V2SignatureSchemeBlock$SignedData
instanceKlass com/android/apkzlib/sign/v2/ZFileDigestSource
instanceKlass com/android/apkzlib/sign/v2/ByteArrayDigestSource
instanceKlass com/android/apkzlib/sign/v2/ApkSignerV2$SignerConfig
instanceKlass com/android/apkzlib/zip/ZFile$$Lambda$366
instanceKlass com/android/apkzlib/zip/Eocd$$Lambda$365
instanceKlass org/bouncycastle/asn1/DEROctetStringParser
instanceKlass org/bouncycastle/asn1/DERSequenceParser
instanceKlass org/bouncycastle/asn1/DERSetParser
instanceKlass org/bouncycastle/asn1/BERTaggedObjectParser
instanceKlass org/bouncycastle/asn1/BERSequenceParser
instanceKlass org/bouncycastle/asn1/ASN1StreamParser
instanceKlass org/bouncycastle/asn1/OIDTokenizer
instanceKlass org/bouncycastle/asn1/ASN1OutputStream
instanceKlass org/bouncycastle/asn1/eac/EACObjectIdentifiers
instanceKlass java/security/cert/CertStoreParameters
instanceKlass org/bouncycastle/x509/X509StoreParameters
instanceKlass org/bouncycastle/cms/CMSSignedHelper
instanceKlass org/bouncycastle/cms/CMSSignedData
instanceKlass sun/security/rsa/RSACore$BlindingRandomPair
instanceKlass sun/security/jca/JCAUtil$CachedSecureRandomHolder
instanceKlass sun/security/jca/JCAUtil
instanceKlass sun/security/rsa/RSACore$BlindingParameters
instanceKlass org/bouncycastle/cms/CMSUtils
instanceKlass org/bouncycastle/operator/jcajce/JcaDigestCalculatorProviderBuilder$1$1
instanceKlass sun/security/mscapi/SunMSCAPI$1
instanceKlass sun/security/smartcardio/SunPCSC$1
instanceKlass org/jcp/xml/dsig/internal/dom/XMLDSigRI$1
instanceKlass com/sun/security/sasl/Provider$1
instanceKlass sun/security/jgss/SunProvider$1
instanceKlass com/sun/crypto/provider/SunJCE$1
instanceKlass sun/security/ssl/SunJSSE$1
instanceKlass java/security/spec/ECFieldF2m
instanceKlass java/security/spec/ECParameterSpec
instanceKlass java/security/spec/ECPoint
instanceKlass java/security/spec/EllipticCurve
instanceKlass java/security/spec/ECFieldFp
instanceKlass java/security/spec/ECField
instanceKlass sun/security/ec/CurveDB
instanceKlass sun/security/ec/SunECEntries
instanceKlass sun/security/ec/SunEC$1
instanceKlass org/bouncycastle/operator/DefaultDigestAlgorithmIdentifierFinder
instanceKlass org/bouncycastle/operator/DigestAlgorithmIdentifierFinder
instanceKlass org/bouncycastle/cms/SignerInfoGenerator
instanceKlass org/bouncycastle/cms/DefaultCMSSignatureEncryptionAlgorithmFinder
instanceKlass org/bouncycastle/cms/CMSSignatureEncryptionAlgorithmFinder
instanceKlass org/bouncycastle/cms/SignerInfoGeneratorBuilder
instanceKlass org/bouncycastle/operator/DigestCalculator
instanceKlass org/bouncycastle/operator/jcajce/JcaDigestCalculatorProviderBuilder$1
instanceKlass org/bouncycastle/operator/DigestCalculatorProvider
instanceKlass org/bouncycastle/operator/jcajce/JcaDigestCalculatorProviderBuilder
instanceKlass org/bouncycastle/cms/jcajce/JcaSignerInfoGeneratorBuilder
instanceKlass org/bouncycastle/operator/jcajce/JcaContentSignerBuilder$1
instanceKlass sun/security/rsa/RSAPadding
instanceKlass sun/security/rsa/RSACore
instanceKlass org/bouncycastle/util/Strings
instanceKlass org/bouncycastle/operator/DefaultSignatureAlgorithmIdentifierFinder
instanceKlass org/bouncycastle/operator/SignatureAlgorithmIdentifierFinder
instanceKlass org/bouncycastle/jcajce/DefaultJcaJceHelper
instanceKlass org/bouncycastle/asn1/kisa/KISAObjectIdentifiers
instanceKlass org/bouncycastle/asn1/ntt/NTTObjectIdentifiers
instanceKlass org/bouncycastle/operator/jcajce/OperatorHelper
instanceKlass org/bouncycastle/operator/ContentSigner
instanceKlass org/bouncycastle/jcajce/JcaJceHelper
instanceKlass org/bouncycastle/operator/jcajce/JcaContentSignerBuilder
instanceKlass org/bouncycastle/asn1/x9/X9ObjectIdentifiers
instanceKlass org/bouncycastle/asn1/teletrust/TeleTrusTObjectIdentifiers
instanceKlass org/bouncycastle/asn1/cryptopro/CryptoProObjectIdentifiers
instanceKlass org/bouncycastle/asn1/nist/NISTObjectIdentifiers
instanceKlass org/bouncycastle/asn1/oiw/OIWObjectIdentifiers
instanceKlass org/bouncycastle/cms/CMSAttributeTableGenerator
instanceKlass org/bouncycastle/cms/CMSSignedGenerator
instanceKlass org/bouncycastle/asn1/x509/X509ObjectIdentifiers
instanceKlass org/bouncycastle/asn1/x500/style/BCStyle
instanceKlass org/bouncycastle/asn1/x500/X500NameStyle
instanceKlass org/bouncycastle/asn1/ASN1Choice
instanceKlass org/bouncycastle/asn1/ASN1TaggedObjectParser
instanceKlass org/bouncycastle/asn1/ASN1SetParser
instanceKlass org/bouncycastle/asn1/ASN1SequenceParser
instanceKlass org/bouncycastle/asn1/DERFactory
instanceKlass org/bouncycastle/util/Arrays
instanceKlass org/bouncycastle/util/io/Streams
instanceKlass org/bouncycastle/asn1/ASN1EncodableVector
instanceKlass org/bouncycastle/asn1/StreamUtil
instanceKlass org/bouncycastle/asn1/ASN1String
instanceKlass org/bouncycastle/asn1/ASN1OctetStringParser
instanceKlass org/bouncycastle/asn1/InMemoryRepresentable
instanceKlass org/bouncycastle/asn1/BERTags
instanceKlass org/bouncycastle/cert/X509CertificateHolder
instanceKlass org/bouncycastle/util/CollectionStore
instanceKlass org/bouncycastle/asn1/pkcs/PKCSObjectIdentifiers
instanceKlass org/bouncycastle/asn1/cms/CMSObjectIdentifiers
instanceKlass org/bouncycastle/asn1/ASN1Object
instanceKlass org/bouncycastle/cms/CMSProcessableByteArray
instanceKlass org/bouncycastle/cms/CMSReadable
instanceKlass com/android/apkzlib/sign/SignatureExtension$1$$Lambda$364
instanceKlass com/android/apkzlib/sign/ManifestGenerationExtension$1$$Lambda$363
instanceKlass com/android/apkzlib/sign/SignatureExtension$1$$Lambda$362
instanceKlass com/android/apkzlib/zip/ZFile$$Lambda$361
instanceKlass com/android/apkzlib/zip/FileUseMap$1
instanceKlass com/android/apkzlib/zip/ZFile$3
instanceKlass com/google/common/util/concurrent/Futures$ChainingListenableFuture$1
instanceKlass com/google/common/util/concurrent/Futures$2
instanceKlass com/android/apkzlib/zip/ZFile$$Lambda$360
instanceKlass com/android/apkzlib/zip/CompressionResult
instanceKlass java/util/zip/Deflater
instanceKlass com/android/apkzlib/zip/ZFile$2
instanceKlass com/android/apkzlib/zip/compress/ExecutorCompressor$$Lambda$359
instanceKlass com/google/common/primitives/UnsignedInts
instanceKlass com/android/builder/internal/packaging/DexIncrementalRenameManager$DexNameComparator
instanceKlass com/android/builder/internal/packaging/DexIncrementalRenameManager$$Lambda$358
instanceKlass com/google/common/collect/Maps$FilteredEntryBiMap$1
instanceKlass com/google/common/base/Predicates$CompositionPredicate
instanceKlass com/google/common/base/Predicates$IsEqualToPredicate
instanceKlass com/android/builder/internal/packaging/DexFileNameSupplier
instanceKlass com/android/builder/internal/packaging/IncrementalPackager$$Lambda$357
instanceKlass com/android/builder/internal/packaging/IncrementalPackager$$Lambda$356
instanceKlass com/android/builder/internal/packaging/IncrementalPackager$$Lambda$355
instanceKlass com/android/builder/internal/packaging/IncrementalPackager$$Lambda$354
instanceKlass com/android/builder/internal/packaging/IncrementalPackager$$Lambda$353
instanceKlass com/android/builder/internal/packaging/IncrementalPackager$$Lambda$352
instanceKlass com/android/builder/internal/packaging/IncrementalPackager$$Lambda$351
instanceKlass com/android/builder/internal/packaging/IncrementalPackager$$Lambda$350
instanceKlass com/android/builder/internal/packaging/IncrementalPackager$$Lambda$349
instanceKlass com/android/builder/internal/packaging/PackagedFileUpdate
instanceKlass com/android/builder/internal/packaging/PackagedFileUpdates
instanceKlass com/android/builder/files/IncrementalRelativeFileSets$$Lambda$348
instanceKlass com/android/apkzlib/zip/ZFile$$Lambda$347
instanceKlass com/google/common/hash/Hashing$Crc32Holder
instanceKlass com/android/apkzlib/utils/CachedFileContents
instanceKlass com/android/apkzlib/zip/ZFile$$Lambda$346
instanceKlass com/android/apkzlib/zip/ZFile$$Lambda$345
instanceKlass com/android/builder/files/RelativeFile
instanceKlass com/android/builder/files/RelativeFiles
instanceKlass com/android/builder/files/IncrementalRelativeFileSets
instanceKlass com/android/builder/files/NativeLibraryAbiPredicate
instanceKlass com/android/builder/internal/packaging/DexIncrementalRenameManager
instanceKlass java/security/spec/MGF1ParameterSpec
instanceKlass java/security/spec/PSSParameterSpec
instanceKlass com/android/apkzlib/utils/ApkZLibPair
instanceKlass com/android/apkzlib/sign/v2/ApkSignerV2
instanceKlass com/android/apkzlib/sign/v2/DigestSource
instanceKlass com/android/apkzlib/sign/FullApkSignExtension
instanceKlass com/android/apkzlib/sign/SignatureExtension$$Lambda$344
instanceKlass com/android/apkzlib/sign/SignatureExtension$$Lambda$343
instanceKlass com/android/apkzlib/sign/SignatureExtension$$Lambda$342
instanceKlass com/android/apkzlib/sign/SignatureExtension$$Lambda$341
instanceKlass org/bouncycastle/asn1/ASN1Encodable
instanceKlass org/bouncycastle/cms/CMSTypedData
instanceKlass org/bouncycastle/cms/CMSProcessable
instanceKlass org/bouncycastle/util/Store
instanceKlass com/android/apkzlib/sign/SignatureExtension
instanceKlass java/util/Vector$1
instanceKlass com/android/apkzlib/sign/ManifestGenerationExtension$$Lambda$340
instanceKlass com/android/apkzlib/sign/ManifestGenerationExtension
instanceKlass com/android/apkzlib/zip/ZFile$$Lambda$339
instanceKlass com/android/apkzlib/utils/IOExceptionFunction
instanceKlass com/android/apkzlib/utils/IOExceptionRunnable
instanceKlass com/android/apkzlib/zip/ZFileExtension
instanceKlass com/android/apkzlib/zip/ProcessedAndRawByteSources
instanceKlass com/android/apkzlib/zip/StoredEntry$$Lambda$338
instanceKlass com/android/apkzlib/zip/StoredEntry
instanceKlass com/android/apkzlib/zip/ExtraField
instanceKlass com/android/apkzlib/zip/utils/MsDosDateTimeUtils
instanceKlass com/android/apkzlib/zip/CentralDirectoryHeader
instanceKlass com/google/common/util/concurrent/Futures$ImmediateFuture
instanceKlass com/android/apkzlib/zip/CentralDirectoryHeaderCompressInfo
instanceKlass sun/nio/cs/ThreadLocalCoders$Cache
instanceKlass sun/nio/cs/ThreadLocalCoders
instanceKlass com/android/apkzlib/zip/EncodeUtils
instanceKlass com/android/apkzlib/zip/GPFlags
instanceKlass com/android/apkzlib/zip/CentralDirectory$$Lambda$337
instanceKlass com/android/apkzlib/zip/CentralDirectory
instanceKlass com/android/apkzlib/zip/Eocd$$Lambda$336
instanceKlass com/android/apkzlib/utils/CachedSupplier
instanceKlass com/android/apkzlib/zip/utils/LittleEndianUtils
instanceKlass com/android/apkzlib/zip/ZipFieldInvariantMaxValue
instanceKlass com/android/apkzlib/zip/ZipFieldInvariantNonNegative
instanceKlass com/android/apkzlib/zip/ZipFieldInvariant
instanceKlass com/android/apkzlib/zip/ZipField
instanceKlass com/android/apkzlib/zip/Eocd
instanceKlass com/android/apkzlib/zip/utils/RandomAccessFileUtils
instanceKlass com/android/apkzlib/zip/FileUseMapEntry$$Lambda$335
instanceKlass com/android/apkzlib/zip/FileUseMapEntry$$Lambda$334
instanceKlass com/android/apkzlib/zip/FileUseMapEntry
instanceKlass com/android/apkzlib/zip/FileUseMap
instanceKlass com/android/apkzlib/zip/ZFile
instanceKlass com/android/apkzlib/zip/AlignmentRules$$Lambda$333
instanceKlass com/android/apkzlib/zfile/ZFiles
instanceKlass com/android/apkzlib/zfile/ApkZFileCreator$1
instanceKlass com/android/apkzlib/zip/AlignmentRules$$Lambda$332
instanceKlass com/android/apkzlib/zfile/ApkZFileCreator
instanceKlass com/android/builder/core/AndroidBuilder$$Lambda$331
instanceKlass com/android/ide/common/signing/CertificateInfo
instanceKlass java/security/KeyStore$PrivateKeyEntry
instanceKlass java/security/KeyStore$Entry
instanceKlass sun/security/pkcs/EncryptedPrivateKeyInfo
instanceKlass sun/security/provider/KeyProtector
instanceKlass sun/security/provider/JavaKeyStore$TrustedCertEntry
instanceKlass java/security/KeyStore$PasswordProtection
instanceKlass sun/security/pkcs/PKCS8Key
instanceKlass java/security/interfaces/RSAPrivateCrtKey
instanceKlass java/security/interfaces/RSAPrivateKey
instanceKlass java/security/interfaces/RSAPublicKey
instanceKlass java/security/interfaces/RSAKey
instanceKlass java/security/spec/RSAPrivateKeySpec
instanceKlass java/security/spec/RSAPublicKeySpec
instanceKlass sun/security/rsa/SunRsaSignEntries
instanceKlass sun/security/provider/JavaKeyStore$KeyEntry
instanceKlass sun/security/provider/KeyStoreDelegator$1
instanceKlass java/security/KeyStoreSpi
instanceKlass com/android/apkzlib/zfile/ApkCreator
instanceKlass com/android/apkzlib/zfile/ApkZFileCreatorFactory
instanceKlass com/android/apkzlib/zip/AlignmentRules$$Lambda$330
instanceKlass com/android/apkzlib/zip/AlignmentRules
instanceKlass com/android/apkzlib/zip/AlignmentRule
instanceKlass com/android/apkzlib/zip/ZFileOptions$$Lambda$329
instanceKlass java/lang/invoke/LambdaForm$DMH
instanceKlass com/android/apkzlib/zip/compress/ExecutorCompressor
instanceKlass com/android/apkzlib/zip/utils/ByteTracker
instanceKlass com/android/apkzlib/zip/ZFileOptions
instanceKlass com/android/apkzlib/zfile/ApkCreatorFactory
instanceKlass com/android/apkzlib/zip/Compressor
instanceKlass com/android/build/gradle/internal/packaging/ApkCreatorFactories
instanceKlass com/android/build/gradle/internal/transforms/InstantRunSliceSplitApkBuilder$$Lambda$328
instanceKlass com/android/build/gradle/internal/transforms/InstantRunSliceSplitApkBuilder$$Lambda$327
instanceKlass com/android/build/gradle/internal/transforms/InstantRunSplitApkBuilder$DexFiles
instanceKlass com/android/build/gradle/internal/transforms/InstantRunSliceSplitApkBuilder$1
instanceKlass com/android/build/gradle/internal/transforms/InstantRunDependenciesApkBuilder$$Lambda$326
instanceKlass com/android/dx/rop/code/RegOps
instanceKlass com/android/dx/dex/file/ParameterAnnotationStruct
instanceKlass com/android/dx/dex/file/AnnotationItem$1
instanceKlass com/android/dex/EncodedValueCodec
instanceKlass com/android/dx/rop/code/RegisterSpecList$Expander
instanceKlass com/android/dx/dex/code/CatchTable$Entry
instanceKlass com/android/dx/dex/code/CatchHandlerList$Entry
instanceKlass com/android/dx/dex/file/CatchStructs
instanceKlass com/android/dx/rop/cst/Zeroes
instanceKlass com/android/dx/util/ListIntSet$1
instanceKlass com/android/dx/dex/file/FieldAnnotationStruct
instanceKlass com/android/builder/core/AndroidBuilder$$Lambda$325
instanceKlass com/google/common/base/Stopwatch$1
instanceKlass com/android/builder/internal/compiler/DexWrapper$DexProcessResult
instanceKlass java/util/zip/Adler32
instanceKlass com/android/dex/DexFormat
instanceKlass com/android/dx/dex/file/DebugInfoEncoder$2
instanceKlass com/android/dx/dex/file/DebugInfoEncoder$1
instanceKlass com/android/dx/util/ByteArrayAnnotatedOutput
instanceKlass com/android/dx/dex/file/DebugInfoEncoder
instanceKlass com/android/dx/dex/code/LocalList$Entry
instanceKlass com/android/dx/dex/code/LocalList$MakeState
instanceKlass com/android/dx/dex/code/PositionList$Entry
instanceKlass com/android/dx/dex/file/CodeItem$1
instanceKlass com/android/dx/dex/file/MixedItemSection$2
instanceKlass com/android/dex/Leb128
instanceKlass com/android/dx/command/dexer/Main$DexWriter
instanceKlass com/android/dx/util/ListIntSet
instanceKlass com/android/dx/dex/file/MethodAnnotationStruct
instanceKlass com/android/dx/cf/direct/ClassPathOpener$3
instanceKlass java/util/zip/ZipFile$ZipEntryIterator
instanceKlass com/android/builder/internal/compiler/PreProcessCache$Item
instanceKlass com/android/dx/cf/direct/DirectClassFile$DcfTypeList
instanceKlass com/android/dx/cf/direct/AnnotationParser
instanceKlass com/android/dx/cf/code/Ropper$ExceptionHandlerSetup
instanceKlass com/android/dx/ssa/back/FirstFitLocalCombiningAllocator$Multiset
instanceKlass com/android/dx/dex/code/DalvCode
instanceKlass com/android/dx/dex/code/StdCatchBuilder
instanceKlass com/android/dx/dex/code/RopToDop
instanceKlass com/android/dx/dex/code/OutputFinisher
instanceKlass com/android/dx/dex/code/OutputCollector
instanceKlass com/android/dx/rop/code/Insn$BaseVisitor
instanceKlass com/android/dx/io/Opcodes
instanceKlass com/android/dx/dex/code/InsnFormat
instanceKlass com/android/dx/dex/code/Dop
instanceKlass com/android/dx/dex/code/Dops
instanceKlass com/android/dx/dex/code/BlockAddresses
instanceKlass com/android/dx/dex/code/DalvInsn
instanceKlass com/android/dx/dex/code/CatchBuilder
instanceKlass com/android/dx/dex/code/RopTranslator$TranslationVisitor
instanceKlass com/android/dx/dex/code/RopTranslator
instanceKlass com/android/dx/rop/code/LocalVariableExtractor
instanceKlass com/android/dx/ssa/back/IdenticalBlockCombiner
instanceKlass com/android/dx/ssa/back/SsaToRop$1
instanceKlass com/android/dx/ssa/back/SsaToRop$PhiVisitor
instanceKlass com/android/dx/ssa/back/FirstFitLocalCombiningAllocator$1
instanceKlass com/android/dx/ssa/back/LivenessAnalyzer$1
instanceKlass com/android/dx/ssa/back/InterferenceGraph
instanceKlass com/android/dx/ssa/back/LivenessAnalyzer
instanceKlass com/android/dx/ssa/back/RegisterAllocator
instanceKlass com/android/dx/ssa/back/SsaToRop
instanceKlass com/android/dx/ssa/PhiTypeResolver
instanceKlass com/android/dx/ssa/ConstCollector$1
instanceKlass com/android/dx/ssa/ConstCollector
instanceKlass com/android/dx/ssa/LiteralOpUpgrader$1
instanceKlass com/android/dx/ssa/LiteralOpUpgrader
instanceKlass com/android/dx/ssa/DeadCodeRemover$NoSideEffectVisitor
instanceKlass com/android/dx/ssa/DeadCodeRemover
instanceKlass com/android/dx/ssa/SsaMethod$1
instanceKlass com/android/dx/ssa/SsaMethod$2
instanceKlass com/android/dx/ssa/SCCP
instanceKlass com/android/dx/ssa/MoveParamCombiner$1
instanceKlass com/android/dx/ssa/MoveParamCombiner
instanceKlass com/android/dx/ssa/PhiInsn$Operand
instanceKlass com/android/dx/ssa/SsaRenamer$BlockRenamer$1
instanceKlass com/android/dx/ssa/RegisterMapper
instanceKlass com/android/dx/ssa/PhiInsn$Visitor
instanceKlass com/android/dx/ssa/SsaRenamer$BlockRenamer
instanceKlass com/android/dx/ssa/SsaRenamer$1
instanceKlass com/android/dx/ssa/SsaRenamer
instanceKlass com/android/dx/util/BitIntSet$1
instanceKlass com/android/dx/util/IntIterator
instanceKlass com/android/dx/util/BitIntSet
instanceKlass com/android/dx/util/IntSet
instanceKlass com/android/dx/ssa/SetFactory
instanceKlass com/android/dx/ssa/Dominators$DfsWalker
instanceKlass com/android/dx/ssa/Dominators$DFSInfo
instanceKlass com/android/dx/ssa/SsaBasicBlock$Visitor
instanceKlass com/android/dx/ssa/Dominators
instanceKlass com/android/dx/ssa/DomFront$DomInfo
instanceKlass com/android/dx/ssa/DomFront
instanceKlass com/android/dx/ssa/LocalVariableExtractor
